mode: set
github.com/twistingmercury/scaffolder/cmd/cmd.go:11.19,17.2 5 1
github.com/twistingmercury/scaffolder/cmd/cmd.go:19.31,21.2 1 1
github.com/twistingmercury/scaffolder/cmd/cmd.go:23.34,25.2 1 0
github.com/twistingmercury/scaffolder/cmd/cmd.go:27.31,29.2 1 0
github.com/twistingmercury/scaffolder/cmd/init.go:28.38,44.2 9 1
github.com/twistingmercury/scaffolder/cmd/init.go:47.52,48.32 1 0
github.com/twistingmercury/scaffolder/cmd/init.go:48.32,52.3 3 0
github.com/twistingmercury/scaffolder/cmd/init.go:54.2,60.22 6 0
github.com/twistingmercury/scaffolder/cmd/init.go:60.22,63.3 2 0
github.com/twistingmercury/scaffolder/cmd/init.go:64.2,64.19 1 0
github.com/twistingmercury/scaffolder/cmd/init.go:64.19,67.3 2 0
github.com/twistingmercury/scaffolder/cmd/init.go:68.2,68.19 1 0
github.com/twistingmercury/scaffolder/cmd/init.go:68.19,71.3 2 0
github.com/twistingmercury/scaffolder/cmd/init.go:72.2,72.22 1 0
github.com/twistingmercury/scaffolder/cmd/init.go:72.22,74.3 1 0
github.com/twistingmercury/scaffolder/cmd/init.go:75.2,75.23 1 0
github.com/twistingmercury/scaffolder/cmd/init.go:75.23,77.3 1 0
github.com/twistingmercury/scaffolder/cmd/init.go:79.2,81.16 3 0
github.com/twistingmercury/scaffolder/cmd/init.go:81.16,84.3 2 0
github.com/twistingmercury/scaffolder/cmd/init.go:85.2,88.16 3 0
github.com/twistingmercury/scaffolder/cmd/init.go:88.16,91.3 2 0
github.com/twistingmercury/scaffolder/cmd/init.go:93.2,94.16 2 0
github.com/twistingmercury/scaffolder/cmd/init.go:94.16,97.3 2 0
github.com/twistingmercury/scaffolder/cmd/init.go:99.2,100.16 2 0
github.com/twistingmercury/scaffolder/cmd/init.go:100.16,103.3 2 0
github.com/twistingmercury/scaffolder/cmd/init.go:105.2,108.16 3 0
github.com/twistingmercury/scaffolder/cmd/init.go:108.16,111.3 2 0
github.com/twistingmercury/scaffolder/cmd/init.go:115.43,118.16 3 0
github.com/twistingmercury/scaffolder/cmd/init.go:118.16,120.3 1 0
github.com/twistingmercury/scaffolder/cmd/init.go:122.2,123.16 2 0
github.com/twistingmercury/scaffolder/cmd/init.go:123.16,125.3 1 0
github.com/twistingmercury/scaffolder/cmd/init.go:127.2,128.16 2 0
github.com/twistingmercury/scaffolder/cmd/init.go:128.16,130.3 1 0
github.com/twistingmercury/scaffolder/cmd/init.go:132.2,132.46 1 0
github.com/twistingmercury/scaffolder/cmd/init.go:136.80,137.82 1 0
github.com/twistingmercury/scaffolder/cmd/init.go:137.82,138.17 1 0
github.com/twistingmercury/scaffolder/cmd/init.go:138.17,140.4 1 0
github.com/twistingmercury/scaffolder/cmd/init.go:142.3,142.20 1 0
github.com/twistingmercury/scaffolder/cmd/init.go:142.20,144.18 2 0
github.com/twistingmercury/scaffolder/cmd/init.go:144.18,146.5 1 0
github.com/twistingmercury/scaffolder/cmd/init.go:147.4,148.18 2 0
github.com/twistingmercury/scaffolder/cmd/init.go:148.18,150.5 1 0
github.com/twistingmercury/scaffolder/cmd/init.go:152.3,152.13 1 0
github.com/twistingmercury/scaffolder/cmd/init.go:154.2,154.12 1 0
github.com/twistingmercury/scaffolder/cmd/init.go:158.89,160.16 2 0
github.com/twistingmercury/scaffolder/cmd/init.go:160.16,162.3 1 0
github.com/twistingmercury/scaffolder/cmd/init.go:164.2,170.24 6 0
github.com/twistingmercury/scaffolder/cmd/init.go:174.35,178.16 4 0
github.com/twistingmercury/scaffolder/cmd/init.go:178.16,180.3 1 0
github.com/twistingmercury/scaffolder/cmd/init.go:181.2,181.19 1 0
github.com/twistingmercury/scaffolder/cmd/init.go:185.40,187.2 1 0
github.com/twistingmercury/scaffolder/cmd/root.go:21.34,29.2 3 1
github.com/twistingmercury/scaffolder/cmd/root.go:33.16,34.37 1 1
github.com/twistingmercury/scaffolder/cmd/root.go:34.37,37.3 2 0
github.com/twistingmercury/scaffolder/cmd/root.go:38.2,39.16 2 1
github.com/twistingmercury/scaffolder/cmd/root.go:39.16,41.3 1 0
github.com/twistingmercury/scaffolder/cmd/root.go:44.46,46.2 1 1
github.com/twistingmercury/scaffolder/cmd/version.go:9.37,13.55 1 1
github.com/twistingmercury/scaffolder/cmd/version.go:13.55,16.4 2 1
