mode: set
github.com/twistingmercury/scaffolder/cmd/cmd.go:11.19,17.2 5 1
github.com/twistingmercury/scaffolder/cmd/cmd.go:19.31,21.2 1 1
github.com/twistingmercury/scaffolder/cmd/init.go:31.43,33.2 1 1
github.com/twistingmercury/scaffolder/cmd/init.go:51.122,52.22 1 1
github.com/twistingmercury/scaffolder/cmd/init.go:52.22,54.3 1 1
github.com/twistingmercury/scaffolder/cmd/init.go:55.2,55.19 1 1
github.com/twistingmercury/scaffolder/cmd/init.go:55.19,57.3 1 1
github.com/twistingmercury/scaffolder/cmd/init.go:58.2,58.19 1 1
github.com/twistingmercury/scaffolder/cmd/init.go:58.19,60.3 1 1
github.com/twistingmercury/scaffolder/cmd/init.go:61.2,61.19 1 1
github.com/twistingmercury/scaffolder/cmd/init.go:61.19,63.3 1 1
github.com/twistingmercury/scaffolder/cmd/init.go:64.2,64.22 1 1
github.com/twistingmercury/scaffolder/cmd/init.go:64.22,66.3 1 1
github.com/twistingmercury/scaffolder/cmd/init.go:67.2,67.23 1 1
github.com/twistingmercury/scaffolder/cmd/init.go:67.23,69.3 1 1
github.com/twistingmercury/scaffolder/cmd/init.go:71.2,79.8 2 1
github.com/twistingmercury/scaffolder/cmd/init.go:82.38,98.2 9 1
github.com/twistingmercury/scaffolder/cmd/init.go:101.52,102.32 1 0
github.com/twistingmercury/scaffolder/cmd/init.go:102.32,106.3 3 0
github.com/twistingmercury/scaffolder/cmd/init.go:108.2,116.16 8 0
github.com/twistingmercury/scaffolder/cmd/init.go:116.16,119.3 2 0
github.com/twistingmercury/scaffolder/cmd/init.go:121.2,123.16 3 0
github.com/twistingmercury/scaffolder/cmd/init.go:123.16,126.3 2 0
github.com/twistingmercury/scaffolder/cmd/init.go:127.2,130.16 3 0
github.com/twistingmercury/scaffolder/cmd/init.go:130.16,133.3 2 0
github.com/twistingmercury/scaffolder/cmd/init.go:135.2,136.16 2 0
github.com/twistingmercury/scaffolder/cmd/init.go:136.16,139.3 2 0
github.com/twistingmercury/scaffolder/cmd/init.go:141.2,143.16 2 0
github.com/twistingmercury/scaffolder/cmd/init.go:143.16,146.3 2 0
github.com/twistingmercury/scaffolder/cmd/init.go:148.2,151.16 3 0
github.com/twistingmercury/scaffolder/cmd/init.go:151.16,154.3 2 0
github.com/twistingmercury/scaffolder/cmd/init.go:158.35,161.16 3 0
github.com/twistingmercury/scaffolder/cmd/init.go:161.16,163.3 1 0
github.com/twistingmercury/scaffolder/cmd/init.go:165.2,166.16 2 0
github.com/twistingmercury/scaffolder/cmd/init.go:166.16,168.3 1 0
github.com/twistingmercury/scaffolder/cmd/init.go:170.2,171.16 2 0
github.com/twistingmercury/scaffolder/cmd/init.go:171.16,173.3 1 0
github.com/twistingmercury/scaffolder/cmd/init.go:175.2,175.49 1 0
github.com/twistingmercury/scaffolder/cmd/init.go:179.44,180.88 1 0
github.com/twistingmercury/scaffolder/cmd/init.go:180.88,181.17 1 0
github.com/twistingmercury/scaffolder/cmd/init.go:181.17,183.4 1 0
github.com/twistingmercury/scaffolder/cmd/init.go:185.3,185.20 1 0
github.com/twistingmercury/scaffolder/cmd/init.go:185.20,187.18 2 0
github.com/twistingmercury/scaffolder/cmd/init.go:187.18,189.5 1 0
github.com/twistingmercury/scaffolder/cmd/init.go:190.4,191.18 2 0
github.com/twistingmercury/scaffolder/cmd/init.go:191.18,193.5 1 0
github.com/twistingmercury/scaffolder/cmd/init.go:195.3,195.13 1 0
github.com/twistingmercury/scaffolder/cmd/init.go:197.2,197.12 1 0
github.com/twistingmercury/scaffolder/cmd/init.go:201.70,203.16 2 0
github.com/twistingmercury/scaffolder/cmd/init.go:203.16,205.3 1 0
github.com/twistingmercury/scaffolder/cmd/init.go:207.2,209.27 2 0
github.com/twistingmercury/scaffolder/cmd/init.go:209.27,212.3 2 0
github.com/twistingmercury/scaffolder/cmd/init.go:214.2,219.25 5 0
github.com/twistingmercury/scaffolder/cmd/init.go:223.35,227.16 4 0
github.com/twistingmercury/scaffolder/cmd/init.go:227.16,229.3 1 0
github.com/twistingmercury/scaffolder/cmd/init.go:230.2,230.19 1 0
github.com/twistingmercury/scaffolder/cmd/init.go:234.40,236.2 1 0
github.com/twistingmercury/scaffolder/cmd/root.go:20.34,28.2 3 1
github.com/twistingmercury/scaffolder/cmd/root.go:32.16,33.37 1 1
github.com/twistingmercury/scaffolder/cmd/root.go:33.37,36.3 2 0
github.com/twistingmercury/scaffolder/cmd/root.go:37.2,38.16 2 1
github.com/twistingmercury/scaffolder/cmd/root.go:38.16,40.3 1 0
github.com/twistingmercury/scaffolder/cmd/root.go:43.46,45.2 1 1
github.com/twistingmercury/scaffolder/cmd/version.go:16.37,20.55 1 1
github.com/twistingmercury/scaffolder/cmd/version.go:20.55,27.4 2 1
